Traceback (most recent call last):
  File "/opt/hostedtoolcache/Python/3.8.16/x64/lib/python3.8/site-packages/jupyter_cache/executors/utils.py", line 51, in single_nb_execution
    executenb(
  File "/opt/hostedtoolcache/Python/3.8.16/x64/lib/python3.8/site-packages/nbclient/client.py", line 1204, in execute
    return NotebookClient(nb=nb, resources=resources, km=km, **kwargs).execute()
  File "/opt/hostedtoolcache/Python/3.8.16/x64/lib/python3.8/site-packages/nbclient/util.py", line 84, in wrapped
    return just_run(coro(*args, **kwargs))
  File "/opt/hostedtoolcache/Python/3.8.16/x64/lib/python3.8/site-packages/nbclient/util.py", line 62, in just_run
    return loop.run_until_complete(coro)
  File "/opt/hostedtoolcache/Python/3.8.16/x64/lib/python3.8/asyncio/base_events.py", line 616, in run_until_complete
    return future.result()
  File "/opt/hostedtoolcache/Python/3.8.16/x64/lib/python3.8/site-packages/nbclient/client.py", line 663, in async_execute
    await self.async_execute_cell(
  File "/opt/hostedtoolcache/Python/3.8.16/x64/lib/python3.8/site-packages/nbclient/client.py", line 965, in async_execute_cell
    await self._check_raise_for_error(cell, cell_index, exec_reply)
  File "/opt/hostedtoolcache/Python/3.8.16/x64/lib/python3.8/site-packages/nbclient/client.py", line 862, in _check_raise_for_error
    raise CellExecutionError.from_cell_and_msg(cell, exec_reply_content)
nbclient.exceptions.CellExecutionError: An error occurred while executing the following cell:
------------------
fig, ax = plt.subplots( figsize = (20,6.18) )


ax.semilogy( df_air_and_death.index,  df_air_and_death['Total Passengers'], 'g' )
ax.set_ylabel('Passengers')
ax.set_yticks( np.arange( 1*1e10, 4*1e10, 1e10 ) )
ax.set_yticklabels( ['1 Billion', '2 Billions', '3 Billions', '4 Billions'] )
#ax.grid(False)
#ax2.ticklabel_format(style='plain')

#fig.savefig('export/air-transport-passengers-by-year.png')
------------------

[0;31m---------------------------------------------------------------------------[0m
[0;31mValueError[0m                                Traceback (most recent call last)
Cell [0;32mIn[60], line 7[0m
[1;32m      5[0m ax[38;5;241m.[39mset_ylabel([38;5;124m'[39m[38;5;124mPassengers[39m[38;5;124m'[39m)
[1;32m      6[0m ax[38;5;241m.[39mset_yticks( np[38;5;241m.[39marange( [38;5;241m1[39m[38;5;241m*[39m[38;5;241m1e10[39m, [38;5;241m4[39m[38;5;241m*[39m[38;5;241m1e10[39m, [38;5;241m1e10[39m ) )
[0;32m----> 7[0m [43max[49m[38;5;241;43m.[39;49m[43mset_yticklabels[49m[43m([49m[43m [49m[43m[[49m[38;5;124;43m'[39;49m[38;5;124;43m1 Billion[39;49m[38;5;124;43m'[39;49m[43m,[49m[43m [49m[38;5;124;43m'[39;49m[38;5;124;43m2 Billions[39;49m[38;5;124;43m'[39;49m[43m,[49m[43m [49m[38;5;124;43m'[39;49m[38;5;124;43m3 Billions[39;49m[38;5;124;43m'[39;49m[43m,[49m[43m [49m[38;5;124;43m'[39;49m[38;5;124;43m4 Billions[39;49m[38;5;124;43m'[39;49m[43m][49m[43m [49m[43m)[49m
[1;32m      8[0m [38;5;66;03m#ax.grid(False)[39;00m
[1;32m      9[0m [38;5;66;03m#ax2.ticklabel_format(style='plain')[39;00m
[1;32m     10[0m 
[1;32m     11[0m [38;5;66;03m#fig.savefig('export/air-transport-passengers-by-year.png')[39;00m

File [0;32m/opt/hostedtoolcache/Python/3.8.16/x64/lib/python3.8/site-packages/matplotlib/axes/_base.py:73[0m, in [0;36m_axis_method_wrapper.__set_name__.<locals>.wrapper[0;34m(self, *args, **kwargs)[0m
[1;32m     72[0m [38;5;28;01mdef[39;00m [38;5;21mwrapper[39m([38;5;28mself[39m, [38;5;241m*[39margs, [38;5;241m*[39m[38;5;241m*[39mkwargs):
[0;32m---> 73[0m     [38;5;28;01mreturn[39;00m [43mget_method[49m[43m([49m[38;5;28;43mself[39;49m[43m)[49m[43m([49m[38;5;241;43m*[39;49m[43margs[49m[43m,[49m[43m [49m[38;5;241;43m*[39;49m[38;5;241;43m*[39;49m[43mkwargs[49m[43m)[49m

File [0;32m/opt/hostedtoolcache/Python/3.8.16/x64/lib/python3.8/site-packages/matplotlib/_api/deprecation.py:471[0m, in [0;36mmake_keyword_only.<locals>.wrapper[0;34m(*args, **kwargs)[0m
[1;32m    465[0m [38;5;28;01mif[39;00m [38;5;28mlen[39m(args) [38;5;241m>[39m idx:
[1;32m    466[0m     warn_deprecated(
[1;32m    467[0m         since, message[38;5;241m=[39m[38;5;124m"[39m[38;5;124mPassing the [39m[38;5;132;01m%(name)s[39;00m[38;5;124m [39m[38;5;132;01m%(obj_type)s[39;00m[38;5;124m [39m[38;5;124m"[39m
[1;32m    468[0m         [38;5;124m"[39m[38;5;124mpositionally is deprecated since Matplotlib [39m[38;5;132;01m%(since)s[39;00m[38;5;124m; the [39m[38;5;124m"[39m
[1;32m    469[0m         [38;5;124m"[39m[38;5;124mparameter will become keyword-only [39m[38;5;132;01m%(removal)s[39;00m[38;5;124m.[39m[38;5;124m"[39m,
[1;32m    470[0m         name[38;5;241m=[39mname, obj_type[38;5;241m=[39m[38;5;124mf[39m[38;5;124m"[39m[38;5;124mparameter of [39m[38;5;132;01m{[39;00mfunc[38;5;241m.[39m[38;5;18m__name__[39m[38;5;132;01m}[39;00m[38;5;124m()[39m[38;5;124m"[39m)
[0;32m--> 471[0m [38;5;28;01mreturn[39;00m [43mfunc[49m[43m([49m[38;5;241;43m*[39;49m[43margs[49m[43m,[49m[43m [49m[38;5;241;43m*[39;49m[38;5;241;43m*[39;49m[43mkwargs[49m[43m)[49m

File [0;32m/opt/hostedtoolcache/Python/3.8.16/x64/lib/python3.8/site-packages/matplotlib/axis.py:1790[0m, in [0;36mAxis._set_ticklabels[0;34m(self, labels, fontdict, minor, **kwargs)[0m
[1;32m   1788[0m [38;5;28;01mif[39;00m fontdict [38;5;129;01mis[39;00m [38;5;129;01mnot[39;00m [38;5;28;01mNone[39;00m:
[1;32m   1789[0m     kwargs[38;5;241m.[39mupdate(fontdict)
[0;32m-> 1790[0m [38;5;28;01mreturn[39;00m [38;5;28;43mself[39;49m[38;5;241;43m.[39;49m[43mset_ticklabels[49m[43m([49m[43mlabels[49m[43m,[49m[43m [49m[43mminor[49m[38;5;241;43m=[39;49m[43mminor[49m[43m,[49m[43m [49m[38;5;241;43m*[39;49m[38;5;241;43m*[39;49m[43mkwargs[49m[43m)[49m

File [0;32m/opt/hostedtoolcache/Python/3.8.16/x64/lib/python3.8/site-packages/matplotlib/axis.py:1711[0m, in [0;36mAxis.set_ticklabels[0;34m(self, ticklabels, minor, **kwargs)[0m
[1;32m   1707[0m [38;5;28;01mif[39;00m [38;5;28misinstance[39m(locator, mticker[38;5;241m.[39mFixedLocator):
[1;32m   1708[0m     [38;5;66;03m# Passing [] as a list of ticklabels is often used as a way to[39;00m
[1;32m   1709[0m     [38;5;66;03m# remove all tick labels, so only error for > 0 ticklabels[39;00m
[1;32m   1710[0m     [38;5;28;01mif[39;00m [38;5;28mlen[39m(locator[38;5;241m.[39mlocs) [38;5;241m!=[39m [38;5;28mlen[39m(ticklabels) [38;5;129;01mand[39;00m [38;5;28mlen[39m(ticklabels) [38;5;241m!=[39m [38;5;241m0[39m:
[0;32m-> 1711[0m         [38;5;28;01mraise[39;00m [38;5;167;01mValueError[39;00m(
[1;32m   1712[0m             [38;5;124m"[39m[38;5;124mThe number of FixedLocator locations[39m[38;5;124m"[39m
[1;32m   1713[0m             [38;5;124mf[39m[38;5;124m"[39m[38;5;124m ([39m[38;5;132;01m{[39;00m[38;5;28mlen[39m(locator[38;5;241m.[39mlocs)[38;5;132;01m}[39;00m[38;5;124m), usually from a call to[39m[38;5;124m"[39m
[1;32m   1714[0m             [38;5;124m"[39m[38;5;124m set_ticks, does not match[39m[38;5;124m"[39m
[1;32m   1715[0m             [38;5;124mf[39m[38;5;124m"[39m[38;5;124m the number of ticklabels ([39m[38;5;132;01m{[39;00m[38;5;28mlen[39m(ticklabels)[38;5;132;01m}[39;00m[38;5;124m).[39m[38;5;124m"[39m)
[1;32m   1716[0m     tickd [38;5;241m=[39m {loc: lab [38;5;28;01mfor[39;00m loc, lab [38;5;129;01min[39;00m [38;5;28mzip[39m(locator[38;5;241m.[39mlocs, ticklabels)}
[1;32m   1717[0m     func [38;5;241m=[39m functools[38;5;241m.[39mpartial([38;5;28mself[39m[38;5;241m.[39m_format_with_dict, tickd)

[0;31mValueError[0m: The number of FixedLocator locations (3), usually from a call to set_ticks, does not match the number of ticklabels (4).
ValueError: The number of FixedLocator locations (3), usually from a call to set_ticks, does not match the number of ticklabels (4).

